<?xml version="1.0" encoding="UTF-8"?>
<testng-results skipped="0" failed="0" total="1" passed="1">
  <reporter-output>
  </reporter-output>
  <suite name="Default suite" duration-ms="21458" started-at="2016-03-20T17:30:53Z" finished-at="2016-03-20T17:31:15Z">
    <groups>
    </groups>
    <test name="Default test" duration-ms="21458" started-at="2016-03-20T17:30:53Z" finished-at="2016-03-20T17:31:15Z">
      <class name="Sample.ChipherList">
        <test-method status="PASS" signature="ListofChipher()[pri:0, instance:Sample.ChipherList@6fffcba5]" name="ListofChipher" duration-ms="21444" started-at="2016-03-20T23:00:53Z" finished-at="2016-03-20T23:01:15Z">
          <reporter-output>
          </reporter-output>
        </test-method> <!-- ListofChipher -->
      </class> <!-- Sample.ChipherList -->
    </test> <!-- Default test -->
  </suite> <!-- Default suite -->
</testng-results>
