<?xml version="1.0" encoding="UTF-8"?>
<!-- Generated by org.testng.reporters.JUnitXMLReporter -->
<testsuite hostname="User-PC" name="sampletest" tests="1" failures="0" timestamp="20 Mar 2016 17:22:40 GMT" time="0.031" errors="0">
  <testcase name="@BeforeMethod toolspage" time="0.0" classname="Sample.DNSreport">
    <failure type="java.lang.NoClassDefFoundError" message="com/google/common/base/Function">
      <![CDATA[java.lang.NoClassDefFoundError: com/google/common/base/Function
	at Sample.DNSreport.toolspage(DNSreport.java:19)
Caused by: java.lang.ClassNotFoundException: com.google.common.base.Function
	at java.net.URLClassLoader.findClass(Unknown Source)
	at java.lang.ClassLoader.loadClass(Unknown Source)
	at sun.misc.Launcher$AppClassLoader.loadClass(Unknown Source)
	at java.lang.ClassLoader.loadClass(Unknown Source)
	... 27 more
... Removed 26 stack frames]]>
    </failure>
  </testcase> <!-- @BeforeMethod toolspage -->
  <testcase name="Dnsreport" time="0.001" classname="Sample.DNSreport">
    <skipped/>
  </testcase> <!-- Dnsreport -->
</testsuite> <!-- sampletest -->
