<?xml version="1.0" encoding="UTF-8"?>
<!-- Generated by org.testng.reporters.JUnitXMLReporter -->
<testsuite hostname="PJAYABALAN1-LT" name="SampleTest" tests="8" failures="0" timestamp="28 Feb 2016 10:58:41 GMT" time="0.189" errors="0">
  <testcase name="first" time="0.031" classname="Sample.addition"/>
  <testcase name="verifyData1" time="0.031" classname="Sample.Dataprovidersample"/>
  <testcase name="testing" time="0.0" classname="Sample.NewTest"/>
  <testcase name="verifyData1" time="0.0" classname="Sample.Dataprovidersample"/>
  <testcase name="dependsonmethodtest" time="0.015" classname="Sample.Palindrome"/>
  <testcase name="lovaba" time="0.0" classname="Sample.Parameter"/>
  <testcase name="test" time="0.0" classname="Sample.Palindrome"/>
  <testcase name="palindromne" time="0.0" classname="Sample.Palindrome"/>
</testsuite> <!-- SampleTest -->
